<?xml version="1.0" encoding="UTF-8"?>
<testsuite xmlns:xsi="http://www.w3.org/2001/XMLSchema-instance" xsi:noNamespaceSchemaLocation="https://maven.apache.org/surefire/maven-surefire-plugin/xsd/surefire-test-report-3.0.xsd" version="3.0" name="com.stemmer.pokergame.game_test.AdvancedGameTest" time="0.023" tests="2" errors="0" skipped="0" failures="0">
  <properties>
[...]
</properties>
  <testcase name="RepeatedPlayerTest2" classname="com.stemmer.pokergame.game_test.AdvancedGameTest" time="0.008">
    <system-out><![CDATA[Player 2:	58700 has: 
PAIR
[QUEEN-DIAMOND, QUEEN-SPADE, ACE-SPADE, TEN-HEART, SIX-CLUB]
Player 3:	0 has: 
DOUBLE_PAIR
[QUEEN-DIAMOND, QUEEN-SPADE, TEN-HEART, TEN-DIAMOND, ACE-SPADE]
Player 1:	0 has: 
DOUBLE_PAIR
[QUEEN-DIAMOND, QUEEN-SPADE, TEN-HEART, TEN-SPADE, ACE-SPADE]
]]></system-out>
  </testcase>
  <testcase name="RepeatedPlayerTest" classname="com.stemmer.pokergame.game_test.AdvancedGameTest" time="0.01">
    <system-out><![CDATA[Player 2:	26400 has: 
[ACE-DIAMOND, KING-HEART, QUEEN-DIAMOND, TEN-SPADE, EIGHT-SPADE, FIVE-DIAMOND, THREE-CLUB]
HIGH_CARD
[ACE-DIAMOND, KING-HEART, QUEEN-DIAMOND, TEN-SPADE, EIGHT-SPADE]
Player 3:	6400 has: 
[KING-HEART, QUEEN-DIAMOND, TEN-SPADE, EIGHT-SPADE, FIVE-DIAMOND, THREE-CLUB, TWO-DIAMOND]
HIGH_CARD
[KING-HEART, QUEEN-DIAMOND, TEN-SPADE, EIGHT-SPADE, FIVE-DIAMOND]
Player 1:	6400 has: 
[ACE-SPADE, KING-HEART, QUEEN-DIAMOND, TEN-SPADE, EIGHT-SPADE, FIVE-SPADE, THREE-CLUB]
HIGH_CARD
[ACE-SPADE, KING-HEART, QUEEN-DIAMOND, TEN-SPADE, EIGHT-SPADE]
[ACE-DIAMOND, KING-HEART, QUEEN-DIAMOND, TEN-SPADE, EIGHT-SPADE, FIVE-DIAMOND, THREE-CLUB]
[KING-HEART, QUEEN-DIAMOND, TEN-SPADE, EIGHT-SPADE, FIVE-DIAMOND, THREE-CLUB, TWO-DIAMOND]
[ACE-DIAMOND, KING-HEART, QUEEN-DIAMOND, TEN-SPADE, EIGHT-SPADE, FIVE-DIAMOND, THREE-CLUB]
[ACE-SPADE, KING-HEART, QUEEN-DIAMOND, TEN-SPADE, EIGHT-SPADE, FIVE-SPADE, THREE-CLUB]
[KING-HEART, QUEEN-DIAMOND, TEN-SPADE, EIGHT-SPADE, FIVE-DIAMOND, THREE-CLUB, TWO-DIAMOND]
[ACE-SPADE, KING-HEART, QUEEN-DIAMOND, TEN-SPADE, EIGHT-SPADE, FIVE-SPADE, THREE-CLUB]
]]></system-out>
  </testcase>
</testsuite>