<?xml version="1.0" encoding="UTF-8"?>
<testsuite xmlns:xsi="http://www.w3.org/2001/XMLSchema-instance" xsi:noNamespaceSchemaLocation="https://maven.apache.org/surefire/maven-surefire-plugin/xsd/surefire-test-report-3.0.xsd" version="3.0" name="com.stemmer.pokergame.game_test.MacroGameTest" time="0.181" tests="6" errors="0" skipped="0" failures="0">
  <properties>
[...]
</properties>
  <testcase name="SimpleGameTest" classname="com.stemmer.pokergame.game_test.MacroGameTest" time="0.068"/>
  <testcase name="SimpleWinningsTest" classname="com.stemmer.pokergame.game_test.MacroGameTest" time="0.024">
    <system-out><![CDATA[Player 1:	19900 has: 
FLUSH
[ACE-SPADE, QUEEN-SPADE, TEN-SPADE, EIGHT-SPADE, THREE-SPADE]
Player 1:	19900 has: 
FLUSH
[QUEEN-SPADE, TEN-SPADE, EIGHT-SPADE, SEVEN-SPADE, FIVE-SPADE]
]]></system-out>
  </testcase>
  <testcase name="SimpleSidePotTest" classname="com.stemmer.pokergame.game_test.MacroGameTest" time="0.028">
    <system-out><![CDATA[[Action[type=ALLIN, raisedTo=20000, amountHasToPay=19950], Action[type=ALLIN, raisedTo=10000, amountHasToPay=9900], Action[type=ALLIN, raisedTo=20000, amountHasToPay=20000]]
Player 2:	0 has: 
[ACE-DIAMOND, KING-HEART, QUEEN-DIAMOND, TEN-SPADE, EIGHT-SPADE, FIVE-DIAMOND, THREE-CLUB]
HIGH_CARD
[ACE-DIAMOND, KING-HEART, QUEEN-DIAMOND, TEN-SPADE, EIGHT-SPADE]
Player 3:	0 has: 
[KING-HEART, QUEEN-DIAMOND, TEN-SPADE, EIGHT-SPADE, FIVE-DIAMOND, THREE-CLUB, TWO-DIAMOND]
HIGH_CARD
[KING-HEART, QUEEN-DIAMOND, TEN-SPADE, EIGHT-SPADE, FIVE-DIAMOND]
Player 1:	0 has: 
[KING-HEART, QUEEN-DIAMOND, TEN-SPADE, EIGHT-SPADE, SEVEN-SPADE, FIVE-SPADE, THREE-CLUB]
HIGH_CARD
[KING-HEART, QUEEN-DIAMOND, TEN-SPADE, EIGHT-SPADE, SEVEN-SPADE]
[ACE-DIAMOND, KING-HEART, QUEEN-DIAMOND, TEN-SPADE, EIGHT-SPADE, FIVE-DIAMOND, THREE-CLUB]
[KING-HEART, QUEEN-DIAMOND, TEN-SPADE, EIGHT-SPADE, FIVE-DIAMOND, THREE-CLUB, TWO-DIAMOND]
[ACE-DIAMOND, KING-HEART, QUEEN-DIAMOND, TEN-SPADE, EIGHT-SPADE, FIVE-DIAMOND, THREE-CLUB]
[KING-HEART, QUEEN-DIAMOND, TEN-SPADE, EIGHT-SPADE, SEVEN-SPADE, FIVE-SPADE, THREE-CLUB]
[KING-HEART, QUEEN-DIAMOND, TEN-SPADE, EIGHT-SPADE, FIVE-DIAMOND, THREE-CLUB, TWO-DIAMOND]
[KING-HEART, QUEEN-DIAMOND, TEN-SPADE, EIGHT-SPADE, SEVEN-SPADE, FIVE-SPADE, THREE-CLUB]
Player 3:	0 has: 
[KING-HEART, QUEEN-DIAMOND, TEN-SPADE, EIGHT-SPADE, FIVE-DIAMOND, THREE-CLUB, TWO-DIAMOND]
HIGH_CARD
[KING-HEART, QUEEN-DIAMOND, TEN-SPADE, EIGHT-SPADE, FIVE-DIAMOND]
Player 1:	0 has: 
[KING-HEART, QUEEN-DIAMOND, TEN-SPADE, EIGHT-SPADE, SEVEN-SPADE, FIVE-SPADE, THREE-CLUB]
HIGH_CARD
[KING-HEART, QUEEN-DIAMOND, TEN-SPADE, EIGHT-SPADE, SEVEN-SPADE]
[KING-HEART, QUEEN-DIAMOND, TEN-SPADE, EIGHT-SPADE, FIVE-DIAMOND, THREE-CLUB, TWO-DIAMOND]
[KING-HEART, QUEEN-DIAMOND, TEN-SPADE, EIGHT-SPADE, SEVEN-SPADE, FIVE-SPADE, THREE-CLUB]
Player{name='Player 1', hand=[FIVE-SPADE, SEVEN-SPADE, THREE-CLUB, QUEEN-DIAMOND, KING-HEART, EIGHT-SPADE, TEN-SPADE], totalMoney=20000, bettingInvestment=0, totalBettingInvestment=0, folded=false}
Player{name='Player 2', hand=[FIVE-DIAMOND, ACE-DIAMOND, THREE-CLUB, QUEEN-DIAMOND, KING-HEART, EIGHT-SPADE, TEN-SPADE], totalMoney=30000, bettingInvestment=0, totalBettingInvestment=0, folded=false}
Player{name='Player 3', hand=[FIVE-DIAMOND, TWO-DIAMOND, THREE-CLUB, QUEEN-DIAMOND, KING-HEART, EIGHT-SPADE, TEN-SPADE], totalMoney=0, bettingInvestment=0, totalBettingInvestment=0, folded=false}
]]></system-out>
  </testcase>
  <testcase name="SimpleAllInTest" classname="com.stemmer.pokergame.game_test.MacroGameTest" time="0.009">
    <system-out><![CDATA[[Action[type=ALLIN, raisedTo=20000, amountHasToPay=19950], Action[type=ALLIN, raisedTo=20000, amountHasToPay=19900], Action[type=ALLIN, raisedTo=20000, amountHasToPay=20000]]
Player 2:	0 has: 
[ACE-DIAMOND, KING-HEART, QUEEN-DIAMOND, TEN-SPADE, EIGHT-SPADE, FIVE-DIAMOND, THREE-CLUB]
HIGH_CARD
[ACE-DIAMOND, KING-HEART, QUEEN-DIAMOND, TEN-SPADE, EIGHT-SPADE]
Player 3:	0 has: 
[KING-HEART, QUEEN-DIAMOND, TEN-SPADE, EIGHT-SPADE, FIVE-DIAMOND, THREE-CLUB, TWO-DIAMOND]
HIGH_CARD
[KING-HEART, QUEEN-DIAMOND, TEN-SPADE, EIGHT-SPADE, FIVE-DIAMOND]
Player 1:	0 has: 
[KING-HEART, QUEEN-DIAMOND, TEN-SPADE, EIGHT-SPADE, SEVEN-SPADE, FIVE-SPADE, THREE-CLUB]
HIGH_CARD
[KING-HEART, QUEEN-DIAMOND, TEN-SPADE, EIGHT-SPADE, SEVEN-SPADE]
[ACE-DIAMOND, KING-HEART, QUEEN-DIAMOND, TEN-SPADE, EIGHT-SPADE, FIVE-DIAMOND, THREE-CLUB]
[KING-HEART, QUEEN-DIAMOND, TEN-SPADE, EIGHT-SPADE, FIVE-DIAMOND, THREE-CLUB, TWO-DIAMOND]
[ACE-DIAMOND, KING-HEART, QUEEN-DIAMOND, TEN-SPADE, EIGHT-SPADE, FIVE-DIAMOND, THREE-CLUB]
[KING-HEART, QUEEN-DIAMOND, TEN-SPADE, EIGHT-SPADE, SEVEN-SPADE, FIVE-SPADE, THREE-CLUB]
[KING-HEART, QUEEN-DIAMOND, TEN-SPADE, EIGHT-SPADE, FIVE-DIAMOND, THREE-CLUB, TWO-DIAMOND]
[KING-HEART, QUEEN-DIAMOND, TEN-SPADE, EIGHT-SPADE, SEVEN-SPADE, FIVE-SPADE, THREE-CLUB]
Player{name='Player 1', hand=[FIVE-SPADE, SEVEN-SPADE, THREE-CLUB, QUEEN-DIAMOND, KING-HEART, EIGHT-SPADE, TEN-SPADE], totalMoney=0, bettingInvestment=0, totalBettingInvestment=0, folded=false}
Player{name='Player 2', hand=[FIVE-DIAMOND, ACE-DIAMOND, THREE-CLUB, QUEEN-DIAMOND, KING-HEART, EIGHT-SPADE, TEN-SPADE], totalMoney=60000, bettingInvestment=0, totalBettingInvestment=0, folded=false}
Player{name='Player 3', hand=[FIVE-DIAMOND, TWO-DIAMOND, THREE-CLUB, QUEEN-DIAMOND, KING-HEART, EIGHT-SPADE, TEN-SPADE], totalMoney=0, bettingInvestment=0, totalBettingInvestment=0, folded=false}
]]></system-out>
  </testcase>
  <testcase name="TwoUnequalWinnerTest" classname="com.stemmer.pokergame.game_test.MacroGameTest" time="0.007">
    <system-out><![CDATA[[Action[type=ALLIN, raisedTo=30000, amountHasToPay=29950], Action[type=ALLIN, raisedTo=10000, amountHasToPay=9900], Action[type=ALLIN, raisedTo=20000, amountHasToPay=20000]]
Player 2:	0 has: 
[ACE-DIAMOND, KING-HEART, QUEEN-DIAMOND, TEN-SPADE, EIGHT-SPADE, FIVE-DIAMOND, THREE-CLUB]
HIGH_CARD
[ACE-DIAMOND, KING-HEART, QUEEN-DIAMOND, TEN-SPADE, EIGHT-SPADE]
Player 3:	0 has: 
[KING-HEART, QUEEN-DIAMOND, TEN-SPADE, EIGHT-SPADE, FIVE-DIAMOND, THREE-CLUB, TWO-DIAMOND]
HIGH_CARD
[KING-HEART, QUEEN-DIAMOND, TEN-SPADE, EIGHT-SPADE, FIVE-DIAMOND]
Player 1:	0 has: 
[ACE-SPADE, KING-HEART, QUEEN-DIAMOND, TEN-SPADE, EIGHT-SPADE, FIVE-SPADE, THREE-CLUB]
HIGH_CARD
[ACE-SPADE, KING-HEART, QUEEN-DIAMOND, TEN-SPADE, EIGHT-SPADE]
[ACE-DIAMOND, KING-HEART, QUEEN-DIAMOND, TEN-SPADE, EIGHT-SPADE, FIVE-DIAMOND, THREE-CLUB]
[KING-HEART, QUEEN-DIAMOND, TEN-SPADE, EIGHT-SPADE, FIVE-DIAMOND, THREE-CLUB, TWO-DIAMOND]
[ACE-DIAMOND, KING-HEART, QUEEN-DIAMOND, TEN-SPADE, EIGHT-SPADE, FIVE-DIAMOND, THREE-CLUB]
[ACE-SPADE, KING-HEART, QUEEN-DIAMOND, TEN-SPADE, EIGHT-SPADE, FIVE-SPADE, THREE-CLUB]
[KING-HEART, QUEEN-DIAMOND, TEN-SPADE, EIGHT-SPADE, FIVE-DIAMOND, THREE-CLUB, TWO-DIAMOND]
[ACE-SPADE, KING-HEART, QUEEN-DIAMOND, TEN-SPADE, EIGHT-SPADE, FIVE-SPADE, THREE-CLUB]
Player{name='Player 1', hand=[FIVE-SPADE, ACE-SPADE, THREE-CLUB, QUEEN-DIAMOND, KING-HEART, EIGHT-SPADE, TEN-SPADE], totalMoney=45000, bettingInvestment=0, totalBettingInvestment=0, folded=false}
Player{name='Player 2', hand=[FIVE-DIAMOND, ACE-DIAMOND, THREE-CLUB, QUEEN-DIAMOND, KING-HEART, EIGHT-SPADE, TEN-SPADE], totalMoney=15000, bettingInvestment=0, totalBettingInvestment=0, folded=false}
Player{name='Player 3', hand=[FIVE-DIAMOND, TWO-DIAMOND, THREE-CLUB, QUEEN-DIAMOND, KING-HEART, EIGHT-SPADE, TEN-SPADE], totalMoney=0, bettingInvestment=0, totalBettingInvestment=0, folded=false}
]]></system-out>
  </testcase>
  <testcase name="SimpleSplitPotTest" classname="com.stemmer.pokergame.game_test.MacroGameTest" time="0.005">
    <system-out><![CDATA[[[Action[type=CALL, raisedTo=0, amountHasToPay=50], Action[type=CHECK, raisedTo=0, amountHasToPay=0]], [Action[type=CHECK, raisedTo=0, amountHasToPay=0], Action[type=CHECK, raisedTo=0, amountHasToPay=0]], [Action[type=CHECK, raisedTo=0, amountHasToPay=0], Action[type=CHECK, raisedTo=0, amountHasToPay=0]], [Action[type=CHECK, raisedTo=0, amountHasToPay=0], Action[type=CHECK, raisedTo=0, amountHasToPay=0]]]
Player 2:	19900 has: 
[KING-HEART, QUEEN-DIAMOND, TEN-SPADE, EIGHT-SPADE, SEVEN-DIAMOND, FIVE-DIAMOND, THREE-CLUB]
HIGH_CARD
[KING-HEART, QUEEN-DIAMOND, TEN-SPADE, EIGHT-SPADE, SEVEN-DIAMOND]
Player 1:	19900 has: 
[KING-HEART, QUEEN-DIAMOND, TEN-SPADE, EIGHT-SPADE, SEVEN-SPADE, FIVE-SPADE, THREE-CLUB]
HIGH_CARD
[KING-HEART, QUEEN-DIAMOND, TEN-SPADE, EIGHT-SPADE, SEVEN-SPADE]
[KING-HEART, QUEEN-DIAMOND, TEN-SPADE, EIGHT-SPADE, SEVEN-DIAMOND, FIVE-DIAMOND, THREE-CLUB]
[KING-HEART, QUEEN-DIAMOND, TEN-SPADE, EIGHT-SPADE, SEVEN-SPADE, FIVE-SPADE, THREE-CLUB]
]]></system-out>
  </testcase>
</testsuite>